{"F:\\GIT\\otus-react-start\\src\\components\\Button\\Button.tsx": {"path":"F:\\GIT\\otus-react-start\\src\\components\\Button\\Button.tsx","statementMap":{"0":{"start":{"line":11,"column":39},"end":{"line":27,"column":1}},"1":{"start":{"line":16,"column":2},"end":{"line":26,"column":4}}},"fnMap":{"0":{"name":"(anonymous_0)","decl":{"start":{"line":11,"column":39},"end":{"line":11,"column":40}},"loc":{"start":{"line":15,"column":6},"end":{"line":27,"column":1}},"line":15}},"branchMap":{"0":{"loc":{"start":{"line":12,"column":2},"end":{"line":12,"column":17}},"type":"default-arg","locations":[{"start":{"line":12,"column":10},"end":{"line":12,"column":17}}],"line":12}},"s":{"0":1,"1":8},"f":{"0":8},"b":{"0":[4]},"_coverageSchema":"1a1c01bbd47fc00a2c39e90264f33305004495a9","hash":"bab510b186bdf75753971373d76ffdaf5bdb280b"}
}
